  personalWorkTOI.cpp
C:\Users\korya\source\repos\personalWorkTOI\personalWorkTOI\personalWorkTOI.cpp(1,4): error C2014: команда препроцессора не должна начинаться с пробела
C:\Users\korya\source\repos\personalWorkTOI\personalWorkTOI\personalWorkTOI.cpp(3,8): error C2143: синтаксическая ошибка: отсутствие ";" перед "<class-head>"
C:\Users\korya\source\repos\personalWorkTOI\personalWorkTOI\personalWorkTOI.cpp(3,16): error C4430: отсутствует спецификатор типа - предполагается int. Примечание. C++ не поддерживает int по умолчанию
C:\Users\korya\source\repos\personalWorkTOI\personalWorkTOI\personalWorkTOI.cpp(4,10): error C2039: "string": не является членом "std".
  C:\Users\korya\source\repos\personalWorkTOI\personalWorkTOI\predefined C++ types (compiler internal)(348,11):
   см. объявление "std"
  
C:\Users\korya\source\repos\personalWorkTOI\personalWorkTOI\personalWorkTOI.cpp(4,17): error C3646: name: неизвестный спецификатор переопределения
C:\Users\korya\source\repos\personalWorkTOI\personalWorkTOI\personalWorkTOI.cpp(4,21): error C4430: отсутствует спецификатор типа - предполагается int. Примечание. C++ не поддерживает int по умолчанию
C:\Users\korya\source\repos\personalWorkTOI\personalWorkTOI\personalWorkTOI.cpp(22,13): error C3861: rand: идентификатор не найден
C:\Users\korya\source\repos\personalWorkTOI\personalWorkTOI\personalWorkTOI.cpp(28,10): error C2039: "string": не является членом "std".
  C:\Users\korya\source\repos\personalWorkTOI\personalWorkTOI\predefined C++ types (compiler internal)(348,11):
   см. объявление "std"
  
C:\Users\korya\source\repos\personalWorkTOI\personalWorkTOI\personalWorkTOI.cpp(28,10): error C2065: string: необъявленный идентификатор
C:\Users\korya\source\repos\personalWorkTOI\personalWorkTOI\personalWorkTOI.cpp(28,17): error C2146: синтаксическая ошибка: отсутствие ";" перед идентификатором "Names"
C:\Users\korya\source\repos\personalWorkTOI\personalWorkTOI\personalWorkTOI.cpp(28,17): error C2065: Names: необъявленный идентификатор
C:\Users\korya\source\repos\personalWorkTOI\personalWorkTOI\personalWorkTOI.cpp(30,32): error C2065: Names: необъявленный идентификатор
C:\Users\korya\source\repos\personalWorkTOI\personalWorkTOI\personalWorkTOI.cpp(39,22): error C2039: "swap": не является членом "std".
  C:\Users\korya\source\repos\personalWorkTOI\personalWorkTOI\predefined C++ types (compiler internal)(348,11):
   см. объявление "std"
  
C:\Users\korya\source\repos\personalWorkTOI\personalWorkTOI\personalWorkTOI.cpp(39,22): error C3861: swap: идентификатор не найден
C:\Users\korya\source\repos\personalWorkTOI\personalWorkTOI\personalWorkTOI.cpp(50,22): error C2039: "swap": не является членом "std".
  C:\Users\korya\source\repos\personalWorkTOI\personalWorkTOI\predefined C++ types (compiler internal)(348,11):
   см. объявление "std"
  
C:\Users\korya\source\repos\personalWorkTOI\personalWorkTOI\personalWorkTOI.cpp(50,22): error C3861: swap: идентификатор не найден
C:\Users\korya\source\repos\personalWorkTOI\personalWorkTOI\personalWorkTOI.cpp(59,14): error C2039: "cout": не является членом "std".
  C:\Users\korya\source\repos\personalWorkTOI\personalWorkTOI\predefined C++ types (compiler internal)(348,11):
   см. объявление "std"
  
C:\Users\korya\source\repos\personalWorkTOI\personalWorkTOI\personalWorkTOI.cpp(59,14): error C2065: cout: необъявленный идентификатор
C:\Users\korya\source\repos\personalWorkTOI\personalWorkTOI\personalWorkTOI.cpp(59,46): error C2039: "name": не является членом "Pokemon".
  C:\Users\korya\source\repos\personalWorkTOI\personalWorkTOI\personalWorkTOI.cpp(3,8):
   см. объявление "Pokemon"
  
C:\Users\korya\source\repos\personalWorkTOI\personalWorkTOI\personalWorkTOI.cpp(59,161): error C2039: "endl": не является членом "std".
  C:\Users\korya\source\repos\personalWorkTOI\personalWorkTOI\predefined C++ types (compiler internal)(348,11):
   см. объявление "std"
  
C:\Users\korya\source\repos\personalWorkTOI\personalWorkTOI\personalWorkTOI.cpp(59,161): error C2065: endl: необъявленный идентификатор
C:\Users\korya\source\repos\personalWorkTOI\personalWorkTOI\personalWorkTOI.cpp(139,15): error C2065: LC_ALL: необъявленный идентификатор
C:\Users\korya\source\repos\personalWorkTOI\personalWorkTOI\personalWorkTOI.cpp(139,5): error C3861: setlocale: идентификатор не найден
C:\Users\korya\source\repos\personalWorkTOI\personalWorkTOI\personalWorkTOI.cpp(145,10): error C2039: "cout": не является членом "std".
  C:\Users\korya\source\repos\personalWorkTOI\personalWorkTOI\predefined C++ types (compiler internal)(348,11):
   см. объявление "std"
  
C:\Users\korya\source\repos\personalWorkTOI\personalWorkTOI\personalWorkTOI.cpp(145,10): error C2065: cout: необъявленный идентификатор
C:\Users\korya\source\repos\personalWorkTOI\personalWorkTOI\personalWorkTOI.cpp(145,147): error C2039: "endl": не является членом "std".
  C:\Users\korya\source\repos\personalWorkTOI\personalWorkTOI\predefined C++ types (compiler internal)(348,11):
   см. объявление "std"
  
C:\Users\korya\source\repos\personalWorkTOI\personalWorkTOI\personalWorkTOI.cpp(145,147): error C2065: endl: необъявленный идентификатор
C:\Users\korya\source\repos\personalWorkTOI\personalWorkTOI\personalWorkTOI.cpp(150,14): error C2039: "cout": не является членом "std".
  C:\Users\korya\source\repos\personalWorkTOI\personalWorkTOI\predefined C++ types (compiler internal)(348,11):
   см. объявление "std"
  
C:\Users\korya\source\repos\personalWorkTOI\personalWorkTOI\personalWorkTOI.cpp(150,14): error C2065: cout: необъявленный идентификатор
C:\Users\korya\source\repos\personalWorkTOI\personalWorkTOI\personalWorkTOI.cpp(150,46): error C2039: "name": не является членом "Pokemon".
  C:\Users\korya\source\repos\personalWorkTOI\personalWorkTOI\personalWorkTOI.cpp(3,8):
   см. объявление "Pokemon"
  
C:\Users\korya\source\repos\personalWorkTOI\personalWorkTOI\personalWorkTOI.cpp(152,59): error C2039: "endl": не является членом "std".
  C:\Users\korya\source\repos\personalWorkTOI\personalWorkTOI\predefined C++ types (compiler internal)(348,11):
   см. объявление "std"
  
C:\Users\korya\source\repos\personalWorkTOI\personalWorkTOI\personalWorkTOI.cpp(152,59): error C2065: endl: необъявленный идентификатор
C:\Users\korya\source\repos\personalWorkTOI\personalWorkTOI\personalWorkTOI.cpp(156,10): error C2039: "cout": не является членом "std".
  C:\Users\korya\source\repos\personalWorkTOI\personalWorkTOI\predefined C++ types (compiler internal)(348,11):
   см. объявление "std"
  
C:\Users\korya\source\repos\personalWorkTOI\personalWorkTOI\personalWorkTOI.cpp(156,10): error C2065: cout: необъявленный идентификатор
C:\Users\korya\source\repos\personalWorkTOI\personalWorkTOI\personalWorkTOI.cpp(159,10): error C2039: "cout": не является членом "std".
  C:\Users\korya\source\repos\personalWorkTOI\personalWorkTOI\predefined C++ types (compiler internal)(348,11):
   см. объявление "std"
  
C:\Users\korya\source\repos\personalWorkTOI\personalWorkTOI\personalWorkTOI.cpp(159,10): error C2065: cout: необъявленный идентификатор
C:\Users\korya\source\repos\personalWorkTOI\personalWorkTOI\personalWorkTOI.cpp(159,153): error C2039: "endl": не является членом "std".
  C:\Users\korya\source\repos\personalWorkTOI\personalWorkTOI\predefined C++ types (compiler internal)(348,11):
   см. объявление "std"
  
C:\Users\korya\source\repos\personalWorkTOI\personalWorkTOI\personalWorkTOI.cpp(159,153): error C2065: endl: необъявленный идентификатор
C:\Users\korya\source\repos\personalWorkTOI\personalWorkTOI\personalWorkTOI.cpp(164,14): error C2039: "cout": не является членом "std".
  C:\Users\korya\source\repos\personalWorkTOI\personalWorkTOI\predefined C++ types (compiler internal)(348,11):
   см. объявление "std"
  
C:\Users\korya\source\repos\personalWorkTOI\personalWorkTOI\personalWorkTOI.cpp(164,14): error C2065: cout: необъявленный идентификатор
C:\Users\korya\source\repos\personalWorkTOI\personalWorkTOI\personalWorkTOI.cpp(164,46): error C2039: "name": не является членом "Pokemon".
  C:\Users\korya\source\repos\personalWorkTOI\personalWorkTOI\personalWorkTOI.cpp(3,8):
   см. объявление "Pokemon"
  
C:\Users\korya\source\repos\personalWorkTOI\personalWorkTOI\personalWorkTOI.cpp(166,59): error C2039: "endl": не является членом "std".
  C:\Users\korya\source\repos\personalWorkTOI\personalWorkTOI\predefined C++ types (compiler internal)(348,11):
   см. объявление "std"
  
C:\Users\korya\source\repos\personalWorkTOI\personalWorkTOI\personalWorkTOI.cpp(166,59): error C2065: endl: необъявленный идентификатор
C:\Users\korya\source\repos\personalWorkTOI\personalWorkTOI\personalWorkTOI.cpp(170,10): error C2039: "cout": не является членом "std".
  C:\Users\korya\source\repos\personalWorkTOI\personalWorkTOI\predefined C++ types (compiler internal)(348,11):
   см. объявление "std"
  
C:\Users\korya\source\repos\personalWorkTOI\personalWorkTOI\personalWorkTOI.cpp(170,10): error C2065: cout: необъявленный идентификатор
C:\Users\korya\source\repos\personalWorkTOI\personalWorkTOI\personalWorkTOI.cpp(173,10): error C2039: "cout": не является членом "std".
  C:\Users\korya\source\repos\personalWorkTOI\personalWorkTOI\predefined C++ types (compiler internal)(348,11):
   см. объявление "std"
  
C:\Users\korya\source\repos\personalWorkTOI\personalWorkTOI\personalWorkTOI.cpp(173,10): error C2065: cout: необъявленный идентификатор
C:\Users\korya\source\repos\personalWorkTOI\personalWorkTOI\personalWorkTOI.cpp(173,136): error C2039: "endl": не является членом "std".
  C:\Users\korya\source\repos\personalWorkTOI\personalWorkTOI\predefined C++ types (compiler internal)(348,11):
   см. объявление "std"
  
C:\Users\korya\source\repos\personalWorkTOI\personalWorkTOI\personalWorkTOI.cpp(173,136): error C2065: endl: необъявленный идентификатор
C:\Users\korya\source\repos\personalWorkTOI\personalWorkTOI\personalWorkTOI.cpp(176,14): error C2039: "cout": не является членом "std".
  C:\Users\korya\source\repos\personalWorkTOI\personalWorkTOI\predefined C++ types (compiler internal)(348,11):
   см. объявление "std"
  
C:\Users\korya\source\repos\personalWorkTOI\personalWorkTOI\personalWorkTOI.cpp(176,14): error C2065: cout: необъявленный идентификатор
C:\Users\korya\source\repos\personalWorkTOI\personalWorkTOI\personalWorkTOI.cpp(176,46): error C2039: "name": не является членом "Pokemon".
  C:\Users\korya\source\repos\personalWorkTOI\personalWorkTOI\personalWorkTOI.cpp(3,8):
   см. объявление "Pokemon"
  
C:\Users\korya\source\repos\personalWorkTOI\personalWorkTOI\personalWorkTOI.cpp(178,59): error C2039: "endl": не является членом "std".
  C:\Users\korya\source\repos\personalWorkTOI\personalWorkTOI\predefined C++ types (compiler internal)(348,11):
   см. объявление "std"
  
C:\Users\korya\source\repos\personalWorkTOI\personalWorkTOI\personalWorkTOI.cpp(178,59): error C2065: endl: необъявленный идентификатор
C:\Users\korya\source\repos\personalWorkTOI\personalWorkTOI\personalWorkTOI.cpp(182,10): error C2039: "cout": не является членом "std".
  C:\Users\korya\source\repos\personalWorkTOI\personalWorkTOI\predefined C++ types (compiler internal)(348,11):
   см. объявление "std"
  
C:\Users\korya\source\repos\personalWorkTOI\personalWorkTOI\personalWorkTOI.cpp(182,10): error C2065: cout: необъявленный идентификатор
C:\Users\korya\source\repos\personalWorkTOI\personalWorkTOI\personalWorkTOI.cpp(182,155): error C2039: "endl": не является членом "std".
  C:\Users\korya\source\repos\personalWorkTOI\personalWorkTOI\predefined C++ types (compiler internal)(348,11):
   см. объявление "std"
  
C:\Users\korya\source\repos\personalWorkTOI\personalWorkTOI\personalWorkTOI.cpp(182,155): error C2065: endl: необъявленный идентификатор
C:\Users\korya\source\repos\personalWorkTOI\personalWorkTOI\personalWorkTOI.cpp(185,14): error C2039: "cout": не является членом "std".
  C:\Users\korya\source\repos\personalWorkTOI\personalWorkTOI\predefined C++ types (compiler internal)(348,11):
   см. объявление "std"
  
C:\Users\korya\source\repos\personalWorkTOI\personalWorkTOI\personalWorkTOI.cpp(185,14): error C2065: cout: необъявленный идентификатор
C:\Users\korya\source\repos\personalWorkTOI\personalWorkTOI\personalWorkTOI.cpp(185,46): error C2039: "name": не является членом "Pokemon".
  C:\Users\korya\source\repos\personalWorkTOI\personalWorkTOI\personalWorkTOI.cpp(3,8):
   см. объявление "Pokemon"
  
C:\Users\korya\source\repos\personalWorkTOI\personalWorkTOI\personalWorkTOI.cpp(187,59): error C2039: "endl": не является членом "std".
  C:\Users\korya\source\repos\personalWorkTOI\personalWorkTOI\predefined C++ types (compiler internal)(348,11):
   см. объявление "std"
  
C:\Users\korya\source\repos\personalWorkTOI\personalWorkTOI\personalWorkTOI.cpp(187,59): error C2065: endl: необъявленный идентификатор
C:\Users\korya\source\repos\personalWorkTOI\personalWorkTOI\personalWorkTOI.cpp(191,10): error C2039: "cout": не является членом "std".
  C:\Users\korya\source\repos\personalWorkTOI\personalWorkTOI\predefined C++ types (compiler internal)(348,11):
   см. объявление "std"
  
C:\Users\korya\source\repos\personalWorkTOI\personalWorkTOI\personalWorkTOI.cpp(191,10): error C2065: cout: необъявленный идентификатор
C:\Users\korya\source\repos\personalWorkTOI\personalWorkTOI\personalWorkTOI.cpp(191,149): error C2039: "endl": не является членом "std".
  C:\Users\korya\source\repos\personalWorkTOI\personalWorkTOI\predefined C++ types (compiler internal)(348,11):
   см. объявление "std"
  
C:\Users\korya\source\repos\personalWorkTOI\personalWorkTOI\personalWorkTOI.cpp(191,149): error C2065: endl: необъявленный идентификатор
C:\Users\korya\source\repos\personalWorkTOI\personalWorkTOI\personalWorkTOI.cpp(196,10): error C2039: "cout": не является членом "std".
  C:\Users\korya\source\repos\personalWorkTOI\personalWorkTOI\predefined C++ types (compiler internal)(348,11):
   см. объявление "std"
  
C:\Users\korya\source\repos\personalWorkTOI\personalWorkTOI\personalWorkTOI.cpp(196,10): error C2065: cout: необъявленный идентификатор
C:\Users\korya\source\repos\personalWorkTOI\personalWorkTOI\personalWorkTOI.cpp(196,153): error C2039: "endl": не является членом "std".
  C:\Users\korya\source\repos\personalWorkTOI\personalWorkTOI\predefined C++ types (compiler internal)(348,11):
   см. объявление "std"
  
C:\Users\korya\source\repos\personalWorkTOI\personalWorkTOI\personalWorkTOI.cpp(196,153): error C2065: endl: необъявленный идентификатор
C:\Users\korya\source\repos\personalWorkTOI\personalWorkTOI\personalWorkTOI.cpp(201,10): error C2039: "cout": не является членом "std".
  C:\Users\korya\source\repos\personalWorkTOI\personalWorkTOI\predefined C++ types (compiler internal)(348,11):
   см. объявление "std"
  
C:\Users\korya\source\repos\personalWorkTOI\personalWorkTOI\personalWorkTOI.cpp(201,10): error C2065: cout: необъявленный идентификатор
C:\Users\korya\source\repos\personalWorkTOI\personalWorkTOI\personalWorkTOI.cpp(201,147): error C2039: "endl": не является членом "std".
  C:\Users\korya\source\repos\personalWorkTOI\personalWorkTOI\predefined C++ types (compiler internal)(348,11):
   см. объявление "std"
  
C:\Users\korya\source\repos\personalWorkTOI\personalWorkTOI\personalWorkTOI.cpp(201,147): error C2065: endl: необъявленный идентификатор
C:\Users\korya\source\repos\personalWorkTOI\personalWorkTOI\personalWorkTOI.cpp(206,10): error C2039: "cout": не является членом "std".
  C:\Users\korya\source\repos\personalWorkTOI\personalWorkTOI\predefined C++ types (compiler internal)(348,11):
   см. объявление "std"
  
C:\Users\korya\source\repos\personalWorkTOI\personalWorkTOI\personalWorkTOI.cpp(206,10): error C2065: cout: необъявленный идентификатор
C:\Users\korya\source\repos\personalWorkTOI\personalWorkTOI\personalWorkTOI.cpp(206,151): error C2039: "endl": не является членом "std".
  C:\Users\korya\source\repos\personalWorkTOI\personalWorkTOI\predefined C++ types (compiler internal)(348,11):
   см. объявление "std"
  
C:\Users\korya\source\repos\personalWorkTOI\personalWorkTOI\personalWorkTOI.cpp(206,151): error C2065: endl: необъявленный идентификатор
